<?xml version="1.0" encoding="UTF-8"?>
<testng-results ignored="0" total="2" passed="2" failed="0" skipped="0">
  <reporter-output>
  </reporter-output>
  <suite started-at="2021-08-31T08:32:37 ICT" name="Default suite" finished-at="2021-08-31T08:32:37 ICT" duration-ms="73">
    <groups>
      <group name="testOne">
        <method signature="Test_Annotation.testOneMethod()[pri:0, instance:B10_Annotation.Test_Annotation@41e1e210]" name="testOneMethod" class="B10_Annotation.Test_Annotation"/>
      </group> <!-- testOne -->
      <group name="testTwo">
        <method signature="Test_Annotation.testTwoMethod()[pri:0, instance:B10_Annotation.Test_Annotation@41e1e210]" name="testTwoMethod" class="B10_Annotation.Test_Annotation"/>
      </group> <!-- testTwo -->
    </groups>
    <test started-at="2021-08-31T08:32:37 ICT" name="Default test" finished-at="2021-08-31T08:32:37 ICT" duration-ms="73">
      <class name="B10_Annotation.Test_Annotation">
        <test-method is-config="true" signature="beforeSuite()[pri:0, instance:B10_Annotation.Test_Annotation@41e1e210]" started-at="2021-08-31T08:32:37 ICT" name="beforeSuite" finished-at="2021-08-31T08:32:37 ICT" duration-ms="14" status="PASS">
          <reporter-output>
          </reporter-output>
        </test-method> <!-- beforeSuite -->
        <test-method is-config="true" signature="beforeTest()[pri:0, instance:B10_Annotation.Test_Annotation@41e1e210]" started-at="2021-08-31T08:32:37 ICT" name="beforeTest" finished-at="2021-08-31T08:32:37 ICT" duration-ms="0" status="PASS">
          <reporter-output>
          </reporter-output>
        </test-method> <!-- beforeTest -->
        <test-method is-config="true" signature="beforeClass()[pri:0, instance:B10_Annotation.Test_Annotation@41e1e210]" started-at="2021-08-31T08:32:37 ICT" name="beforeClass" finished-at="2021-08-31T08:32:37 ICT" duration-ms="1" status="PASS">
          <reporter-output>
          </reporter-output>
        </test-method> <!-- beforeClass -->
        <test-method is-config="true" signature="beforeMethod()[pri:0, instance:B10_Annotation.Test_Annotation@41e1e210]" started-at="2021-08-31T08:32:37 ICT" name="beforeMethod" finished-at="2021-08-31T08:32:37 ICT" duration-ms="0" status="PASS">
          <reporter-output>
          </reporter-output>
        </test-method> <!-- beforeMethod -->
        <test-method signature="testOneMethod()[pri:0, instance:B10_Annotation.Test_Annotation@41e1e210]" started-at="2021-08-31T08:32:37 ICT" name="testOneMethod" finished-at="2021-08-31T08:32:37 ICT" duration-ms="10" status="PASS">
          <reporter-output>
          </reporter-output>
        </test-method> <!-- testOneMethod -->
        <test-method is-config="true" signature="afterMethod()[pri:0, instance:B10_Annotation.Test_Annotation@41e1e210]" started-at="2021-08-31T08:32:37 ICT" name="afterMethod" finished-at="2021-08-31T08:32:37 ICT" duration-ms="0" status="PASS">
          <reporter-output>
          </reporter-output>
        </test-method> <!-- afterMethod -->
        <test-method is-config="true" signature="beforeMethod()[pri:0, instance:B10_Annotation.Test_Annotation@41e1e210]" started-at="2021-08-31T08:32:37 ICT" name="beforeMethod" finished-at="2021-08-31T08:32:37 ICT" duration-ms="1" status="PASS">
          <reporter-output>
          </reporter-output>
        </test-method> <!-- beforeMethod -->
        <test-method signature="testTwoMethod()[pri:0, instance:B10_Annotation.Test_Annotation@41e1e210]" started-at="2021-08-31T08:32:37 ICT" name="testTwoMethod" finished-at="2021-08-31T08:32:37 ICT" duration-ms="2" status="PASS">
          <reporter-output>
          </reporter-output>
        </test-method> <!-- testTwoMethod -->
        <test-method is-config="true" signature="afterMethod()[pri:0, instance:B10_Annotation.Test_Annotation@41e1e210]" started-at="2021-08-31T08:32:37 ICT" name="afterMethod" finished-at="2021-08-31T08:32:37 ICT" duration-ms="1" status="PASS">
          <reporter-output>
          </reporter-output>
        </test-method> <!-- afterMethod -->
        <test-method is-config="true" signature="afterClass()[pri:0, instance:B10_Annotation.Test_Annotation@41e1e210]" started-at="2021-08-31T08:32:37 ICT" name="afterClass" finished-at="2021-08-31T08:32:37 ICT" duration-ms="0" status="PASS">
          <reporter-output>
          </reporter-output>
        </test-method> <!-- afterClass -->
        <test-method is-config="true" signature="afterTest()[pri:0, instance:B10_Annotation.Test_Annotation@41e1e210]" started-at="2021-08-31T08:32:37 ICT" name="afterTest" finished-at="2021-08-31T08:32:37 ICT" duration-ms="1" status="PASS">
          <reporter-output>
          </reporter-output>
        </test-method> <!-- afterTest -->
        <test-method is-config="true" signature="afterSuite()[pri:0, instance:B10_Annotation.Test_Annotation@41e1e210]" started-at="2021-08-31T08:32:37 ICT" name="afterSuite" finished-at="2021-08-31T08:32:37 ICT" duration-ms="0" status="PASS">
          <reporter-output>
          </reporter-output>
        </test-method> <!-- afterSuite -->
      </class> <!-- B10_Annotation.Test_Annotation -->
    </test> <!-- Default test -->
  </suite> <!-- Default suite -->
</testng-results>
