<?xml version="1.0" encoding="UTF-8"?>
<!-- Generated by org.testng.reporters.JUnitXMLReporter -->
<testsuite ignored="0" hostname="DESKTOP-PQ5SCRH" failures="0" tests="4" name="Default test" time="0.047" errors="0" timestamp="2021-12-13T17:29:06 ICT">
  <testcase classname="firstpackage.FirstClass" name="firstTest" time="0.007"/>
  <testcase classname="firstpackage.FirstClass" name="secondTest" time="0.0"/>
  <testcase classname="firstpackage.SecondClass" name="firstTest" time="0.001"/>
  <testcase classname="firstpackage.SecondClass" name="secondTest" time="0.001"/>
</testsuite> <!-- Default test -->
