<?xml version="1.0" encoding="UTF-8"?>
<testng-results ignored="0" total="4" passed="4" failed="0" skipped="0">
  <reporter-output>
  </reporter-output>
  <suite started-at="2021-12-13T17:29:06 ICT" name="Default suite" finished-at="2021-12-13T17:29:06 ICT" duration-ms="47">
    <groups>
    </groups>
    <test started-at="2021-12-13T17:29:06 ICT" name="Default test" finished-at="2021-12-13T17:29:06 ICT" duration-ms="47">
      <class name="firstpackage.FirstClass">
        <test-method signature="firstTest()[pri:0, instance:firstpackage.FirstClass@1356d4d4]" started-at="2021-12-13T17:29:06 ICT" name="firstTest" finished-at="2021-12-13T17:29:06 ICT" duration-ms="7" status="PASS">
          <reporter-output>
          </reporter-output>
        </test-method> <!-- firstTest -->
        <test-method signature="secondTest()[pri:0, instance:firstpackage.FirstClass@1356d4d4]" started-at="2021-12-13T17:29:06 ICT" name="secondTest" finished-at="2021-12-13T17:29:06 ICT" duration-ms="0" status="PASS">
          <reporter-output>
          </reporter-output>
        </test-method> <!-- secondTest -->
      </class> <!-- firstpackage.FirstClass -->
      <class name="firstpackage.SecondClass">
        <test-method signature="firstTest()[pri:0, instance:firstpackage.SecondClass@5939a379]" started-at="2021-12-13T17:29:06 ICT" name="firstTest" finished-at="2021-12-13T17:29:06 ICT" duration-ms="1" status="PASS">
          <reporter-output>
          </reporter-output>
        </test-method> <!-- firstTest -->
        <test-method signature="secondTest()[pri:0, instance:firstpackage.SecondClass@5939a379]" started-at="2021-12-13T17:29:06 ICT" name="secondTest" finished-at="2021-12-13T17:29:06 ICT" duration-ms="1" status="PASS">
          <reporter-output>
          </reporter-output>
        </test-method> <!-- secondTest -->
      </class> <!-- firstpackage.SecondClass -->
    </test> <!-- Default test -->
  </suite> <!-- Default suite -->
</testng-results>
